Performing C SOURCE FILE Test CMAKE_HAVE_LIBC_PTHREAD failed with the following output:
Change Dir: /home/seunghyeonbang/rpc/CMakeFiles/CMakeTmp

Run Build Command(s):/usr/bin/make -f Makefile cmTC_8f4ad/fast && /usr/bin/make  -f CMakeFiles/cmTC_8f4ad.dir/build.make CMakeFiles/cmTC_8f4ad.dir/build
make[1]: Entering directory '/home/seunghyeonbang/rpc/CMakeFiles/CMakeTmp'
Building C object CMakeFiles/cmTC_8f4ad.dir/src.c.o
/usr/bin/cc -DCMAKE_HAVE_LIBC_PTHREAD   -o CMakeFiles/cmTC_8f4ad.dir/src.c.o -c /home/seunghyeonbang/rpc/CMakeFiles/CMakeTmp/src.c
Linking C executable cmTC_8f4ad
/snap/cmake/1156/bin/cmake -E cmake_link_script CMakeFiles/cmTC_8f4ad.dir/link.txt --verbose=1
/usr/bin/cc CMakeFiles/cmTC_8f4ad.dir/src.c.o -o cmTC_8f4ad 
CMakeFiles/cmTC_8f4ad.dir/src.c.o: In function `main':
src.c:(.text+0x3e): undefined reference to `pthread_create'
src.c:(.text+0x4a): undefined reference to `pthread_detach'
src.c:(.text+0x56): undefined reference to `pthread_cancel'
src.c:(.text+0x67): undefined reference to `pthread_join'
src.c:(.text+0x7b): undefined reference to `pthread_atfork'
collect2: error: ld returned 1 exit status
CMakeFiles/cmTC_8f4ad.dir/build.make:98: recipe for target 'cmTC_8f4ad' failed
make[1]: *** [cmTC_8f4ad] Error 1
make[1]: Leaving directory '/home/seunghyeonbang/rpc/CMakeFiles/CMakeTmp'
Makefile:127: recipe for target 'cmTC_8f4ad/fast' failed
make: *** [cmTC_8f4ad/fast] Error 2


Source file was:
#include <pthread.h>

static void* test_func(void* data)
{
  return data;
}

int main(void)
{
  pthread_t thread;
  pthread_create(&thread, NULL, test_func, NULL);
  pthread_detach(thread);
  pthread_cancel(thread);
  pthread_join(thread, NULL);
  pthread_atfork(NULL, NULL, NULL);
  pthread_exit(NULL);

  return 0;
}

Determining if the function pthread_create exists in the pthreads failed with the following output:
Change Dir: /home/seunghyeonbang/rpc/CMakeFiles/CMakeTmp

Run Build Command(s):/usr/bin/make -f Makefile cmTC_99f44/fast && /usr/bin/make  -f CMakeFiles/cmTC_99f44.dir/build.make CMakeFiles/cmTC_99f44.dir/build
make[1]: Entering directory '/home/seunghyeonbang/rpc/CMakeFiles/CMakeTmp'
Building C object CMakeFiles/cmTC_99f44.dir/CheckFunctionExists.c.o
/usr/bin/cc   -DCHECK_FUNCTION_EXISTS=pthread_create -o CMakeFiles/cmTC_99f44.dir/CheckFunctionExists.c.o -c /snap/cmake/1156/share/cmake-3.24/Modules/CheckFunctionExists.c
Linking C executable cmTC_99f44
/snap/cmake/1156/bin/cmake -E cmake_link_script CMakeFiles/cmTC_99f44.dir/link.txt --verbose=1
/usr/bin/cc  -DCHECK_FUNCTION_EXISTS=pthread_create CMakeFiles/cmTC_99f44.dir/CheckFunctionExists.c.o -o cmTC_99f44  -lpthreads 
/usr/bin/ld: cannot find -lpthreads
collect2: error: ld returned 1 exit status
CMakeFiles/cmTC_99f44.dir/build.make:98: recipe for target 'cmTC_99f44' failed
make[1]: *** [cmTC_99f44] Error 1
make[1]: Leaving directory '/home/seunghyeonbang/rpc/CMakeFiles/CMakeTmp'
Makefile:127: recipe for target 'cmTC_99f44/fast' failed
make: *** [cmTC_99f44/fast] Error 2



